<?xml version="1.0" encoding="UTF-8"?>
<!-- Generated by org.testng.reporters.JUnitReportReporter -->
<testsuite skipped="0" hostname="WBLT26W8H72" name="dotcom.appiumupdated" tests="2" failures="0" timestamp="03 Jan 2018 21:44:47 GMT" time="0.027" errors="0">
  <testcase name="IOS" time="0.024" classname="dotcom.appiumupdated"/>
  <testcase name="android" time="0.003" classname="dotcom.appiumupdated"/>
</testsuite> <!-- dotcom.appiumupdated -->
