<?xml version="1.0" encoding="UTF-8"?>
<!-- Generated by org.testng.reporters.JUnitReportReporter -->
<testsuite skipped="0" hostname="WBLT26W8H72" name="dotcom.APItest" tests="2" failures="0" timestamp="03 Jan 2018 21:27:21 GMT" time="0.026" errors="0">
  <testcase name="checking" time="0.023" classname="dotcom.APItest"/>
  <testcase name="restapiaccount" time="0.003" classname="dotcom.APItest"/>
</testsuite> <!-- dotcom.APItest -->
